<?xml version="1.0" encoding="UTF-8"?>
<!-- Generated by org.testng.reporters.JUnitReportReporter -->
<testsuite skipped="0" hostname="Swaminarayan" name="com.testing.gitJenkinsDemoClass" tests="1" failures="0" timestamp="19 Apr 2019 16:07:20 GMT" time="22.145" errors="0">
  <testcase name="gitJenkinsDemoTest" time="22.145" classname="com.testing.gitJenkinsDemoClass"/>
</testsuite> <!-- com.testing.gitJenkinsDemoClass -->
