<?xml version="1.0" encoding="UTF-8"?>
<!-- Generated by org.testng.reporters.JUnitReportReporter -->
<testsuite skipped="0" hostname="Swaminarayan" name="com.testing.gitJenkinsDemoClass" tests="1" failures="0" timestamp="19 Apr 2019 15:35:01 GMT" time="29.996" errors="0">
  <testcase name="gitJenkinsDemoTest" time="29.996" classname="com.testing.gitJenkinsDemoClass"/>
</testsuite> <!-- com.testing.gitJenkinsDemoClass -->
